10:47:30.312 [main] DEBUG c.i.karate.cucumber.CucumberRunner - init test class: class demo.ExamplesTest
10:47:30.421 [main] DEBUG c.i.karate.cucumber.CucumberRunner - loading feature: /C:/Users/pks059/newworkspace/karatedemo/target/test-classes/demo%5cyvdDemoResponse.feature
10:47:31.180 [main] INFO  com.intuit.karate.ScriptBridge - karate.env system property was: null 
10:47:31.416 [main] DEBUG com.intuit.karate.FileUtils - loaded file from: C:\Users\pks059\newworkspace\karatedemo\target\test-classes\/sample/YVD Request- 40 DRY 1 Equipment.xml - /sample/YVD Request- 40 DRY 1 Equipment.xml: java.io.FileInputStream@7e38a7fe
10:47:41.347 [main] DEBUG com.intuit.karate.StepDefs - response time in milliseconds: 9868
10:47:41.400 [main] INFO  com.intuit.karate.StepDefs - [print] {soapenv:Envelope={soapenv:Header={v1:CommonIdentifierResponse={v1:ApplicationResponder={v1:TransactionID=BALCC0303, v1:StatusCode=1}}}, soapenv:Body={v4:ValidateShipmentOnYieldResponse={v4:ClientReference=EntityId="BALCC0303",ProfileId="",RequestId="RIDRK3BNPD3LZ9KB",SequenceNumber="",SequenceTime="2018-07-13 13.14.08.261271",ServiceName="",SubEntityId="",UserId="", v4:Shipment={v4:ShipmentId=BALCC0303}, v4:Message=Failure: OSB Assign action failed updating variable "FinalHistoricDecision": weblogic.xml.query.exceptions.XQueryDynamicException: line 127, column 57: {err}FORG0003: expected zero or one item, got two or more items, v4:StatusCode=T3001}}}}
10:47:41.432 [main] INFO  com.intuit.karate.StepDefs - [print] BALCC0303
11:06:22.885 [main] DEBUG c.i.karate.cucumber.CucumberRunner - init test class: class demo.ExamplesTest
11:06:23.002 [main] DEBUG c.i.karate.cucumber.CucumberRunner - loading feature: /C:/Users/pks059/newworkspace/karatedemo/target/test-classes/demo%5cyvdDemoResponse.feature
11:06:23.814 [main] INFO  com.intuit.karate.ScriptBridge - karate.env system property was: null 
11:06:24.055 [main] DEBUG com.intuit.karate.FileUtils - loaded file from: C:\Users\pks059\newworkspace\karatedemo\target\test-classes\/sample/YVD Request- 40 DRY 1 Equipment.xml - /sample/YVD Request- 40 DRY 1 Equipment.xml: java.io.FileInputStream@2692b61e
11:06:32.533 [main] DEBUG com.intuit.karate.StepDefs - response time in milliseconds: 8415
11:06:32.590 [main] INFO  com.intuit.karate.StepDefs - [print] {soapenv:Envelope={soapenv:Header={v1:CommonIdentifierResponse={v1:ApplicationResponder={v1:TransactionID=BALCC0303, v1:StatusCode=1}}}, soapenv:Body={v4:ValidateShipmentOnYieldResponse={v4:ClientReference=EntityId="BALCC0303",ProfileId="",RequestId="RIDRK3BNPD3LZ9KB",SequenceNumber="",SequenceTime="2018-07-13 13.14.08.261271",ServiceName="",SubEntityId="",UserId="", v4:Shipment={v4:ShipmentId=BALCC0303}, v4:Message=Failure: OSB Assign action failed updating variable "FinalHistoricDecision": weblogic.xml.query.exceptions.XQueryDynamicException: line 127, column 57: {err}FORG0003: expected zero or one item, got two or more items, v4:StatusCode=T3001}}}}
11:06:32.621 [main] INFO  com.intuit.karate.StepDefs - [print] BALCC0303
11:07:55.836 [main] DEBUG c.i.karate.cucumber.CucumberRunner - init test class: class demo.ExamplesTest
11:07:55.969 [main] DEBUG c.i.karate.cucumber.CucumberRunner - loading feature: /C:/Users/pks059/newworkspace/karatedemo/target/test-classes/demo%5cyvdDemoResponse.feature
11:07:56.744 [main] INFO  com.intuit.karate.ScriptBridge - karate.env system property was: null 
11:07:57.030 [main] DEBUG com.intuit.karate.FileUtils - loaded file from: C:\Users\pks059\newworkspace\karatedemo\target\test-classes\/sample/YVD Request- 40 DRY 1 Equipment.xml - /sample/YVD Request- 40 DRY 1 Equipment.xml: java.io.FileInputStream@6d3c232f
11:08:04.534 [main] DEBUG com.intuit.karate.StepDefs - response time in milliseconds: 7410
11:08:04.613 [main] INFO  com.intuit.karate.StepDefs - [print] {soapenv:Envelope={soapenv:Header={v1:CommonIdentifierResponse={v1:ApplicationResponder={v1:TransactionID=BALCC0303, v1:StatusCode=1}}}, soapenv:Body={v4:ValidateShipmentOnYieldResponse={v4:ClientReference=EntityId="BALCC0303",ProfileId="",RequestId="RIDRK3BNPD3LZ9KB",SequenceNumber="",SequenceTime="2018-07-13 13.14.08.261271",ServiceName="",SubEntityId="",UserId="", v4:Shipment={v4:ShipmentId=BALCC0303}, v4:Message=Failure: OSB Assign action failed updating variable "FinalHistoricDecision": weblogic.xml.query.exceptions.XQueryDynamicException: line 127, column 57: {err}FORG0003: expected zero or one item, got two or more items, v4:StatusCode=T3001}}}}
11:08:04.644 [main] INFO  com.intuit.karate.StepDefs - [print] BALCC0303
11:08:25.299 [main] DEBUG c.i.karate.cucumber.CucumberRunner - init test class: class demo.ExamplesTest
11:08:25.408 [main] DEBUG c.i.karate.cucumber.CucumberRunner - loading feature: /C:/Users/pks059/newworkspace/karatedemo/target/test-classes/demo%5cyvdDemoResponse.feature
11:08:26.097 [main] INFO  com.intuit.karate.ScriptBridge - karate.env system property was: null 
11:08:26.316 [main] DEBUG com.intuit.karate.FileUtils - loaded file from: C:\Users\pks059\newworkspace\karatedemo\target\test-classes\/sample/YVD Request- 40 DRY 1 Equipment.xml - /sample/YVD Request- 40 DRY 1 Equipment.xml: java.io.FileInputStream@2692b61e
11:08:33.470 [main] DEBUG com.intuit.karate.StepDefs - response time in milliseconds: 7091
11:08:33.529 [main] INFO  com.intuit.karate.StepDefs - [print] {soapenv:Envelope={soapenv:Header={v1:CommonIdentifierResponse={v1:ApplicationResponder={v1:TransactionID=BALCC0303, v1:StatusCode=1}}}, soapenv:Body={v4:ValidateShipmentOnYieldResponse={v4:ClientReference=EntityId="BALCC0303",ProfileId="",RequestId="RIDRK3BNPD3LZ9KB",SequenceNumber="",SequenceTime="2018-07-13 13.14.08.261271",ServiceName="",SubEntityId="",UserId="", v4:Shipment={v4:ShipmentId=BALCC0303}, v4:Message=Failure: OSB Assign action failed updating variable "FinalHistoricDecision": weblogic.xml.query.exceptions.XQueryDynamicException: line 127, column 57: {err}FORG0003: expected zero or one item, got two or more items, v4:StatusCode=T3001}}}}
11:08:33.560 [main] INFO  com.intuit.karate.StepDefs - [print] BALCC0303
11:10:34.377 [main] DEBUG c.i.karate.cucumber.CucumberRunner - init test class: class demo.ExamplesTest
11:10:34.494 [main] DEBUG c.i.karate.cucumber.CucumberRunner - loading feature: /C:/Users/pks059/newworkspace/karatedemo/target/test-classes/demo%5cyvdDemoResponse.feature
11:10:35.271 [main] INFO  com.intuit.karate.ScriptBridge - karate.env system property was: null 
11:10:35.508 [main] DEBUG com.intuit.karate.FileUtils - loaded file from: C:\Users\pks059\newworkspace\karatedemo\target\test-classes\/sample/YVD Request- 40 DRY 1 Equipment.xml - /sample/YVD Request- 40 DRY 1 Equipment.xml: java.io.FileInputStream@74cadd41
11:10:42.838 [main] DEBUG com.intuit.karate.StepDefs - response time in milliseconds: 7252
11:10:42.917 [main] INFO  com.intuit.karate.StepDefs - [print] {soapenv:Envelope={soapenv:Header={v1:CommonIdentifierResponse={v1:ApplicationResponder={v1:TransactionID=BALCC0303, v1:StatusCode=1}}}, soapenv:Body={v4:ValidateShipmentOnYieldResponse={v4:ClientReference=EntityId="BALCC0303",ProfileId="",RequestId="RIDRK3BNPD3LZ9KB",SequenceNumber="",SequenceTime="2018-07-13 13.14.08.261271",ServiceName="",SubEntityId="",UserId="", v4:Shipment={v4:ShipmentId=BALCC0303}, v4:Message=Failure: OSB Assign action failed updating variable "FinalHistoricDecision": weblogic.xml.query.exceptions.XQueryDynamicException: line 127, column 57: {err}FORG0003: expected zero or one item, got two or more items, v4:StatusCode=T3001}}}}
11:10:42.941 [main] INFO  com.intuit.karate.StepDefs - [print] BALCC0303
11:48:46.528 [main] DEBUG c.i.karate.cucumber.CucumberRunner - init test class: class demo.ExamplesTest
11:48:46.640 [main] DEBUG c.i.karate.cucumber.CucumberRunner - loading feature: /C:/Users/pks059/newworkspace/karatedemo/target/test-classes/demo%5cyvdDemoResponse.feature
11:48:47.365 [main] WARN  com.intuit.karate.ScriptContext - start-up configuration failed, missing or bad 'karate-config.js' - script failed: read('classpath:karate-config.js')
11:48:47.612 [main] DEBUG com.intuit.karate.FileUtils - loaded file from: C:\Users\pks059\newworkspace\karatedemo\target\test-classes\/sample/YVD Request- 40 DRY 1 Equipment.xml - /sample/YVD Request- 40 DRY 1 Equipment.xml: java.io.FileInputStream@1e63ec0b
11:48:56.323 [main] DEBUG com.intuit.karate.StepDefs - response time in milliseconds: 8651
11:48:56.378 [main] INFO  com.intuit.karate.StepDefs - [print] {soapenv:Envelope={soapenv:Header={v1:CommonIdentifierResponse={v1:ApplicationResponder={v1:TransactionID=BALCC0303, v1:StatusCode=1}}}, soapenv:Body={v4:ValidateShipmentOnYieldResponse={v4:ClientReference=EntityId="BALCC0303",ProfileId="",RequestId="RIDRK3BNPD3LZ9KB",SequenceNumber="",SequenceTime="2018-07-13 13.14.08.261271",ServiceName="",SubEntityId="",UserId="", v4:Shipment={v4:ShipmentId=BALCC0303}, v4:Message=Failure: OSB Assign action failed updating variable "FinalHistoricDecision": weblogic.xml.query.exceptions.XQueryDynamicException: line 127, column 57: {err}FORG0003: expected zero or one item, got two or more items, v4:StatusCode=T3001}}}}
11:48:56.403 [main] INFO  com.intuit.karate.StepDefs - [print] BALCC0303
15:05:40.727 [main] DEBUG c.i.karate.cucumber.CucumberRunner - init test class: class demo.ExamplesTest
15:05:40.851 [main] DEBUG c.i.karate.cucumber.CucumberRunner - loading feature: /C:/Users/pks059/newworkspace/karatedemo/target/test-classes/demo%5cyvdDemoResponse.feature
15:05:41.613 [main] WARN  com.intuit.karate.ScriptContext - start-up configuration failed, missing or bad 'karate-config.js' - script failed: read('classpath:karate-config.js')
15:05:41.863 [main] DEBUG com.intuit.karate.FileUtils - loaded file from: C:\Users\pks059\newworkspace\karatedemo\target\test-classes\/sample/YVD Request- 40 DRY 1 Equipment.xml - /sample/YVD Request- 40 DRY 1 Equipment.xml: java.io.FileInputStream@1e63ec0b
15:09:56.046 [main] DEBUG com.intuit.karate.StepDefs - response time in milliseconds: 254110
15:09:56.105 [main] INFO  com.intuit.karate.StepDefs - [print] {soapenv:Envelope={soapenv:Header={v1:CommonIdentifierResponse={v1:ApplicationResponder={v1:TransactionID=BALCC0303, v1:StatusCode=1}}}, soapenv:Body={v4:ValidateShipmentOnYieldResponse={v4:ClientReference=EntityId="BALCC0303",ProfileId="",RequestId="RIDRK3BNPD3LZ9KB",SequenceNumber="",SequenceTime="2018-07-13 13.14.08.261271",ServiceName="",SubEntityId="",UserId="", v4:Shipment={v4:ShipmentId=BALCC0303}, v4:Message=Failure: OSB Assign action failed updating variable "FinalHistoricDecision": weblogic.xml.query.exceptions.XQueryDynamicException: line 127, column 57: {err}FORG0003: expected zero or one item, got two or more items, v4:StatusCode=T3001}}}}
15:09:56.134 [main] INFO  com.intuit.karate.StepDefs - [print] BALCC0303
16:28:12.454 [main] DEBUG c.i.karate.cucumber.CucumberRunner - init test class: class demo.ExamplesTest
16:28:12.569 [main] DEBUG c.i.karate.cucumber.CucumberRunner - loading feature: /C:/Users/pks059/newworkspace/karatedemo/target/test-classes/demo%5cyvdDemoResponse.feature
16:28:13.408 [main] WARN  com.intuit.karate.ScriptContext - start-up configuration failed, missing or bad 'karate-config.js' - script failed: read('classpath:karate-config.js')
16:28:13.706 [main] DEBUG com.intuit.karate.FileUtils - loaded file from: C:\Users\pks059\newworkspace\karatedemo\target\test-classes\/sample/YVD Request- 40 DRY 1 Equipment.xml - /sample/YVD Request- 40 DRY 1 Equipment.xml: java.io.FileInputStream@1e63ec0b
16:28:22.231 [main] DEBUG com.intuit.karate.StepDefs - response time in milliseconds: 8442
16:28:22.318 [main] INFO  com.intuit.karate.StepDefs - [print] {soapenv:Envelope={soapenv:Header={v1:CommonIdentifierResponse={v1:ApplicationResponder={v1:TransactionID=BALCC0303, v1:StatusCode=1}}}, soapenv:Body={v4:ValidateShipmentOnYieldResponse={v4:ClientReference=EntityId="BALCC0303",ProfileId="",RequestId="RIDRK3BNPD3LZ9KB",SequenceNumber="",SequenceTime="2018-07-13 13.14.08.261271",ServiceName="",SubEntityId="",UserId="", v4:Shipment={v4:ShipmentId=BALCC0303}, v4:Message=Failure: OSB Assign action failed updating variable "FinalHistoricDecision": weblogic.xml.query.exceptions.XQueryDynamicException: line 127, column 57: {err}FORG0003: expected zero or one item, got two or more items, v4:StatusCode=T3001}}}}
16:28:22.357 [main] INFO  com.intuit.karate.StepDefs - [print] BALCC0303
16:46:22.440 [main] DEBUG c.i.karate.cucumber.CucumberRunner - init test class: class demo.ExamplesTest
16:46:22.605 [main] DEBUG c.i.karate.cucumber.CucumberRunner - loading feature: /C:/Users/pks059/newworkspace/karatedemoyvd/target/test-classes/demo%5cyvdDemoResponse.feature
16:46:23.463 [main] INFO  com.intuit.karate.ScriptBridge - karate.env system property was: null 
16:46:23.759 [main] DEBUG com.intuit.karate.FileUtils - loaded file from: C:\Users\pks059\newworkspace\karatedemoyvd\target\test-classes\/sample/YVD Request- 40 DRY 1 Equipment.xml - /sample/YVD Request- 40 DRY 1 Equipment.xml: java.io.FileInputStream@165b2f7f
16:46:31.207 [main] DEBUG com.intuit.karate.StepDefs - response time in milliseconds: 7374
16:46:31.273 [main] INFO  com.intuit.karate.StepDefs - [print] {soapenv:Envelope={soapenv:Header={v1:CommonIdentifierResponse={v1:ApplicationResponder={v1:TransactionID=BALCC0303, v1:StatusCode=1}}}, soapenv:Body={v4:ValidateShipmentOnYieldResponse={v4:ClientReference=EntityId="BALCC0303",ProfileId="",RequestId="RIDRK3BNPD3LZ9KB",SequenceNumber="",SequenceTime="2018-07-13 13.14.08.261271",ServiceName="",SubEntityId="",UserId="", v4:Shipment={v4:ShipmentId=BALCC0303}, v4:Message=Failure: OSB Assign action failed updating variable "FinalHistoricDecision": weblogic.xml.query.exceptions.XQueryDynamicException: line 127, column 57: {err}FORG0003: expected zero or one item, got two or more items, v4:StatusCode=T3001}}}}
16:46:31.308 [main] INFO  com.intuit.karate.StepDefs - [print] BALCC0303
09:50:44.674 [main] DEBUG c.i.karate.cucumber.CucumberRunner - init test class: class demo.ExamplesTest
09:50:44.810 [main] DEBUG c.i.karate.cucumber.CucumberRunner - loading feature: /C:/Users/pks059/newworkspace/karatedemoyvd/target/test-classes/demo%5cyvdDemoResponse.feature
09:50:45.718 [main] INFO  com.intuit.karate.ScriptBridge - karate.env system property was: null 
09:50:45.997 [main] DEBUG com.intuit.karate.FileUtils - loaded file from: C:\Users\pks059\newworkspace\karatedemoyvd\target\test-classes\/sample/YVD Request- 40 DRY 1 Equipment.xml - /sample/YVD Request- 40 DRY 1 Equipment.xml: java.io.FileInputStream@165b2f7f
09:50:54.575 [main] DEBUG com.intuit.karate.StepDefs - response time in milliseconds: 8527
09:50:54.647 [main] INFO  com.intuit.karate.StepDefs - [print] {soapenv:Envelope={soapenv:Header={v1:CommonIdentifierResponse={v1:ApplicationResponder={v1:TransactionID=BALCC0303, v1:StatusCode=1}}}, soapenv:Body={v4:ValidateShipmentOnYieldResponse={v4:ClientReference=EntityId="BALCC0303",ProfileId="",RequestId="RIDRK3BNPD3LZ9KB",SequenceNumber="",SequenceTime="2018-07-13 13.14.08.261271",ServiceName="",SubEntityId="",UserId="", v4:CommitmentWeek=201841, v4:Shipment={v4:ShipmentId=BALCC0303, v4:ShipmentRoute=[{v4:ShipmentRouteLink={v4:Arrival={v4:Vessel={v4:VesselCode={v4:AlternativeCodeVal=8HF}}, v4:VoyageCd=1810}, v4:End={v4:Site={v4:SiteCode={v4:AlternativeCodeVal=EGDAMPT}}}, v4:Start={v4:Site={v4:SiteCode={v4:AlternativeCodeVal=INJHTGT}}}}, v4:ShipmentRouteRole={v4:RouteRoleType={v4:RouteRoleTypeCd=O}}}, {v4:ShipmentRouteLink={v4:Arrival={v4:Vessel={v4:VesselCode={v4:AlternativeCodeVal=8HF}}, v4:VoyageCd=1810}, v4:End={v4:Site={v4:SiteCode={v4:AlternativeCodeVal=EGDAMPT}}}, v4:Start={v4:Site={v4:SiteCode={v4:AlternativeCodeVal=INJHTGT}}}}, v4:ShipmentRouteRole={v4:RouteRoleType={v4:RouteRoleTypeCd=P}}}]}, v4:ValidationDetails={v4:Commitment={v4:CommitmentId=100011705, v4:CommitmentTypeInd=Regular, v4:IsConcernCode=false, v4:RegularCommitment={v4:ConsumedFFEWeek=9.0, v4:FFE=15, v4:UnusedFFE=5.0}, v4:ValidFromDttm=201838, v4:ValidToDttm=201841}, v4:CommitmentStatus=Committed, v4:ValidationPerEquipment={v4:CommitmentConsumptionId=1416965, v4:EquipmentSizeType=40 DRY, v4:EquipmentCount=1, v4:FFEConsumption=1.0, v4:FFENotConsumed=0, v4:RateType=Current, v4:EquipmentTypeUptakeAcceptanceCode=A, v4:EquipmentTypeUptakeAcceptanceDescription=ACCEPT, v4:EquipmentTypeValidationOutcomeCode=FC, v4:EquipmentTypeValidationOutcomeDescription=Fully Committed}, v4:TotalFFEConsumed=1.0, v4:TotalFFENotConsumed=0, v4:CommitmentUptakeAcceptanceCode=A, v4:CommitmentUptakeAcceptanceDescription=ACCEPT, v4:CommitmentValidationOutcomeCode=FC, v4:CommitmentValidationOutcomeDescription=Fully Committed}, v4:ShipmentUptakeAcceptanceCode=A, v4:ShipmentUptakeAcceptanceDescription=Accept, v4:ShipmentValidationOutcomeCode=FC, v4:ShipmentValidationOutcomeDescription=Fully Committed, v4:SteeredLegMessage=Operational Route:Success: Steered leg successfully determined Product Route:Success: Steered leg successfully determined, v4:SteeredLegStatusCode=1000, v4:Message=Success: Yield Validation successfully completed, v4:StatusCode=1000}}}}
09:50:54.669 [main] INFO  com.intuit.karate.StepDefs - [print] BALCC0303
10:15:45.138 [main] DEBUG c.i.karate.cucumber.CucumberRunner - init test class: class demo.ExamplesTest
10:15:45.294 [main] DEBUG c.i.karate.cucumber.CucumberRunner - loading feature: /C:/Users/pks059/newworkspace/karatedemoyvd/target/test-classes/demo%5cyvdDemoResponse.feature
10:15:46.024 [main] WARN  com.intuit.karate.ScriptContext - start-up configuration failed, missing or bad 'karate-config.js' - TypeError: karate.callSingle is not a function
10:22:58.432 [main] DEBUG c.i.karate.cucumber.CucumberRunner - init test class: class demo.ExamplesTest
10:22:58.545 [main] DEBUG c.i.karate.cucumber.CucumberRunner - loading feature: /C:/Users/pks059/newworkspace/karatedemoyvd/target/test-classes/demo%5cyvdDemoResponse.feature
10:22:59.240 [main] WARN  com.intuit.karate.ScriptContext - start-up configuration failed, missing or bad 'karate-config.js' - TypeError: karate.callSingle is not a function
10:37:11.744 [main] DEBUG c.i.karate.cucumber.CucumberRunner - init test class: class demo.ExamplesTest
10:37:11.859 [main] DEBUG c.i.karate.cucumber.CucumberRunner - loading feature: /C:/Users/pks059/newworkspace/karatedemoyvd/target/test-classes/demo%5cyvdDemoResponse.feature
10:37:12.580 [main] WARN  com.intuit.karate.ScriptContext - start-up configuration failed, missing or bad 'karate-config.js' - TypeError: karate.callSingle is not a function
10:54:51.524 [main] DEBUG c.i.karate.cucumber.CucumberRunner - init test class: class demo.ExamplesTest
10:54:51.624 [main] DEBUG c.i.karate.cucumber.CucumberRunner - loading feature: /C:/Users/pks059/newworkspace/karatedemoyvd/target/test-classes/demo%5cyvdDemoResponse.feature
10:54:52.324 [main] WARN  com.intuit.karate.ScriptContext - start-up configuration failed, missing or bad 'karate-config.js' - TypeError: karate.callSingle is not a function
10:56:47.194 [main] DEBUG c.i.karate.cucumber.CucumberRunner - init test class: class demo.ExamplesTest
10:56:47.294 [main] DEBUG c.i.karate.cucumber.CucumberRunner - loading feature: /C:/Users/pks059/newworkspace/karatedemoyvd/target/test-classes/demo%5cyvdDemoResponse.feature
10:56:48.006 [main] WARN  com.intuit.karate.ScriptContext - start-up configuration failed, missing or bad 'karate-config.js' - TypeError: karate.callSingle is not a function
10:59:26.129 [main] DEBUG c.i.karate.cucumber.CucumberRunner - init test class: class demo.ExamplesTest
10:59:26.253 [main] DEBUG c.i.karate.cucumber.CucumberRunner - loading feature: /C:/Users/pks059/newworkspace/karatedemoyvd/target/test-classes/demo%5cyvdDemoResponse.feature
10:59:27.109 [main] DEBUG com.intuit.karate.FileUtils - loaded file from: C:\Users\pks059\newworkspace\karatedemoyvd\target\test-classes\/sample/YVD Request- 40 DRY 1 Equipment.xml - /sample/YVD Request- 40 DRY 1 Equipment.xml: java.io.FileInputStream@38be305c
10:59:39.999 [main] DEBUG com.intuit.karate.StepDefs - response time in milliseconds: 12814
10:59:40.024 [main] INFO  com.intuit.karate.StepDefs - [print] {soapenv:Envelope={soapenv:Header={v1:CommonIdentifierResponse={v1:ApplicationResponder={v1:TransactionID=BALCC0303, v1:StatusCode=1}}}, soapenv:Body={v4:ValidateShipmentOnYieldResponse={v4:ClientReference=EntityId="BALCC0303",ProfileId="",RequestId="RIDRK3BNPD3LZ9KB",SequenceNumber="",SequenceTime="2018-07-13 13.14.08.261271",ServiceName="",SubEntityId="",UserId="", v4:CommitmentWeek=201841, v4:Shipment={v4:ShipmentId=BALCC0303, v4:ShipmentRoute=[{v4:ShipmentRouteLink={v4:Arrival={v4:Vessel={v4:VesselCode={v4:AlternativeCodeVal=8HF}}, v4:VoyageCd=1810}, v4:End={v4:Site={v4:SiteCode={v4:AlternativeCodeVal=EGDAMPT}}}, v4:Start={v4:Site={v4:SiteCode={v4:AlternativeCodeVal=INJHTGT}}}}, v4:ShipmentRouteRole={v4:RouteRoleType={v4:RouteRoleTypeCd=O}}}, {v4:ShipmentRouteLink={v4:Arrival={v4:Vessel={v4:VesselCode={v4:AlternativeCodeVal=8HF}}, v4:VoyageCd=1810}, v4:End={v4:Site={v4:SiteCode={v4:AlternativeCodeVal=EGDAMPT}}}, v4:Start={v4:Site={v4:SiteCode={v4:AlternativeCodeVal=INJHTGT}}}}, v4:ShipmentRouteRole={v4:RouteRoleType={v4:RouteRoleTypeCd=P}}}]}, v4:ValidationDetails={v4:Commitment={v4:CommitmentId=100011705, v4:CommitmentTypeInd=Regular, v4:IsConcernCode=false, v4:RegularCommitment={v4:ConsumedFFEWeek=9.0, v4:FFE=15, v4:UnusedFFE=5.0}, v4:ValidFromDttm=201838, v4:ValidToDttm=201841}, v4:CommitmentStatus=Committed, v4:ValidationPerEquipment={v4:CommitmentConsumptionId=1416965, v4:EquipmentSizeType=40 DRY, v4:EquipmentCount=1, v4:FFEConsumption=1.0, v4:FFENotConsumed=0, v4:RateType=Current, v4:EquipmentTypeUptakeAcceptanceCode=A, v4:EquipmentTypeUptakeAcceptanceDescription=ACCEPT, v4:EquipmentTypeValidationOutcomeCode=FC, v4:EquipmentTypeValidationOutcomeDescription=Fully Committed}, v4:TotalFFEConsumed=1.0, v4:TotalFFENotConsumed=0, v4:CommitmentUptakeAcceptanceCode=A, v4:CommitmentUptakeAcceptanceDescription=ACCEPT, v4:CommitmentValidationOutcomeCode=FC, v4:CommitmentValidationOutcomeDescription=Fully Committed}, v4:ShipmentUptakeAcceptanceCode=A, v4:ShipmentUptakeAcceptanceDescription=Accept, v4:ShipmentValidationOutcomeCode=FC, v4:ShipmentValidationOutcomeDescription=Fully Committed, v4:SteeredLegMessage=Operational Route:Success: Steered leg successfully determined Product Route:Success: Steered leg successfully determined, v4:SteeredLegStatusCode=1000, v4:Message=Success: Yield Validation successfully completed, v4:StatusCode=1000}}}}
10:59:40.048 [main] INFO  com.intuit.karate.StepDefs - [print] BALCC0303
11:17:34.003 [main] DEBUG c.i.karate.cucumber.CucumberRunner - init test class: class demo.ExamplesTest
11:17:34.159 [main] DEBUG c.i.karate.cucumber.CucumberRunner - loading feature: /C:/Users/pks059/newworkspace/karatedemoyvd/target/test-classes/demo%5cyvdDemoResponse.feature
11:17:35.206 [main] DEBUG com.intuit.karate.FileUtils - loaded file from: C:\Users\pks059\newworkspace\karatedemoyvd\target\test-classes\/sample/YVD Request- 40 DRY 1 Equipment.xml - /sample/YVD Request- 40 DRY 1 Equipment.xml: java.io.FileInputStream@38be305c
11:17:43.638 [main] DEBUG com.intuit.karate.StepDefs - response time in milliseconds: 8371
11:17:43.656 [main] INFO  com.intuit.karate.StepDefs - [print] {soapenv:Envelope={soapenv:Header={v1:CommonIdentifierResponse={v1:ApplicationResponder={v1:TransactionID=BALCC0303, v1:StatusCode=1}}}, soapenv:Body={v4:ValidateShipmentOnYieldResponse={v4:ClientReference=EntityId="BALCC0303",ProfileId="",RequestId="RIDRK3BNPD3LZ9KB",SequenceNumber="",SequenceTime="2018-07-13 13.14.08.261271",ServiceName="",SubEntityId="",UserId="", v4:CommitmentWeek=201841, v4:Shipment={v4:ShipmentId=BALCC0303, v4:ShipmentRoute=[{v4:ShipmentRouteLink={v4:Arrival={v4:Vessel={v4:VesselCode={v4:AlternativeCodeVal=8HF}}, v4:VoyageCd=1810}, v4:End={v4:Site={v4:SiteCode={v4:AlternativeCodeVal=EGDAMPT}}}, v4:Start={v4:Site={v4:SiteCode={v4:AlternativeCodeVal=INJHTGT}}}}, v4:ShipmentRouteRole={v4:RouteRoleType={v4:RouteRoleTypeCd=O}}}, {v4:ShipmentRouteLink={v4:Arrival={v4:Vessel={v4:VesselCode={v4:AlternativeCodeVal=8HF}}, v4:VoyageCd=1810}, v4:End={v4:Site={v4:SiteCode={v4:AlternativeCodeVal=EGDAMPT}}}, v4:Start={v4:Site={v4:SiteCode={v4:AlternativeCodeVal=INJHTGT}}}}, v4:ShipmentRouteRole={v4:RouteRoleType={v4:RouteRoleTypeCd=P}}}]}, v4:ValidationDetails={v4:Commitment={v4:CommitmentId=100011705, v4:CommitmentTypeInd=Regular, v4:IsConcernCode=false, v4:RegularCommitment={v4:ConsumedFFEWeek=9.0, v4:FFE=15, v4:UnusedFFE=5.0}, v4:ValidFromDttm=201838, v4:ValidToDttm=201841}, v4:CommitmentStatus=Committed, v4:ValidationPerEquipment={v4:CommitmentConsumptionId=1416965, v4:EquipmentSizeType=40 DRY, v4:EquipmentCount=1, v4:FFEConsumption=1.0, v4:FFENotConsumed=0, v4:RateType=Current, v4:EquipmentTypeUptakeAcceptanceCode=A, v4:EquipmentTypeUptakeAcceptanceDescription=ACCEPT, v4:EquipmentTypeValidationOutcomeCode=FC, v4:EquipmentTypeValidationOutcomeDescription=Fully Committed}, v4:TotalFFEConsumed=1.0, v4:TotalFFENotConsumed=0, v4:CommitmentUptakeAcceptanceCode=A, v4:CommitmentUptakeAcceptanceDescription=ACCEPT, v4:CommitmentValidationOutcomeCode=FC, v4:CommitmentValidationOutcomeDescription=Fully Committed}, v4:ShipmentUptakeAcceptanceCode=A, v4:ShipmentUptakeAcceptanceDescription=Accept, v4:ShipmentValidationOutcomeCode=FC, v4:ShipmentValidationOutcomeDescription=Fully Committed, v4:SteeredLegMessage=Operational Route:Success: Steered leg successfully determined Product Route:Success: Steered leg successfully determined, v4:SteeredLegStatusCode=1000, v4:Message=Success: Yield Validation successfully completed, v4:StatusCode=1000}}}}
11:17:43.676 [main] INFO  com.intuit.karate.StepDefs - [print] BALCC0303
11:22:22.621 [main] DEBUG c.i.karate.cucumber.CucumberRunner - init test class: class demo.ExamplesTest
11:22:22.735 [main] DEBUG c.i.karate.cucumber.CucumberRunner - loading feature: /C:/Users/pks059/newworkspace/karatedemoyvd/target/test-classes/demo%5cyvdDemoResponse.feature
11:22:23.642 [main] DEBUG com.intuit.karate.FileUtils - loaded file from: C:\Users\pks059\newworkspace\karatedemoyvd\target\test-classes\/sample/YVDRequest40DRY1Equipment.xml - /sample/YVDRequest40DRY1Equipment.xml: java.io.FileInputStream@38be305c
11:22:33.340 [main] DEBUG com.intuit.karate.StepDefs - response time in milliseconds: 9631
11:22:33.359 [main] INFO  com.intuit.karate.StepDefs - [print] {soapenv:Envelope={soapenv:Header={v1:CommonIdentifierResponse={v1:ApplicationResponder={v1:TransactionID=BALCC0303, v1:StatusCode=1}}}, soapenv:Body={v4:ValidateShipmentOnYieldResponse={v4:ClientReference=EntityId="BALCC0303",ProfileId="",RequestId="RIDRK3BNPD3LZ9KB",SequenceNumber="",SequenceTime="2018-07-13 13.14.08.261271",ServiceName="",SubEntityId="",UserId="", v4:CommitmentWeek=201841, v4:Shipment={v4:ShipmentId=BALCC0303, v4:ShipmentRoute=[{v4:ShipmentRouteLink={v4:Arrival={v4:Vessel={v4:VesselCode={v4:AlternativeCodeVal=8HF}}, v4:VoyageCd=1810}, v4:End={v4:Site={v4:SiteCode={v4:AlternativeCodeVal=EGDAMPT}}}, v4:Start={v4:Site={v4:SiteCode={v4:AlternativeCodeVal=INJHTGT}}}}, v4:ShipmentRouteRole={v4:RouteRoleType={v4:RouteRoleTypeCd=O}}}, {v4:ShipmentRouteLink={v4:Arrival={v4:Vessel={v4:VesselCode={v4:AlternativeCodeVal=8HF}}, v4:VoyageCd=1810}, v4:End={v4:Site={v4:SiteCode={v4:AlternativeCodeVal=EGDAMPT}}}, v4:Start={v4:Site={v4:SiteCode={v4:AlternativeCodeVal=INJHTGT}}}}, v4:ShipmentRouteRole={v4:RouteRoleType={v4:RouteRoleTypeCd=P}}}]}, v4:ValidationDetails={v4:Commitment={v4:CommitmentId=100011705, v4:CommitmentTypeInd=Regular, v4:IsConcernCode=false, v4:RegularCommitment={v4:ConsumedFFEWeek=9.0, v4:FFE=15, v4:UnusedFFE=5.0}, v4:ValidFromDttm=201838, v4:ValidToDttm=201841}, v4:CommitmentStatus=Committed, v4:ValidationPerEquipment={v4:CommitmentConsumptionId=1416965, v4:EquipmentSizeType=40 DRY, v4:EquipmentCount=1, v4:FFEConsumption=1.0, v4:FFENotConsumed=0, v4:RateType=Current, v4:EquipmentTypeUptakeAcceptanceCode=A, v4:EquipmentTypeUptakeAcceptanceDescription=ACCEPT, v4:EquipmentTypeValidationOutcomeCode=FC, v4:EquipmentTypeValidationOutcomeDescription=Fully Committed}, v4:TotalFFEConsumed=1.0, v4:TotalFFENotConsumed=0, v4:CommitmentUptakeAcceptanceCode=A, v4:CommitmentUptakeAcceptanceDescription=ACCEPT, v4:CommitmentValidationOutcomeCode=FC, v4:CommitmentValidationOutcomeDescription=Fully Committed}, v4:ShipmentUptakeAcceptanceCode=A, v4:ShipmentUptakeAcceptanceDescription=Accept, v4:ShipmentValidationOutcomeCode=FC, v4:ShipmentValidationOutcomeDescription=Fully Committed, v4:SteeredLegMessage=Operational Route:Success: Steered leg successfully determined Product Route:Success: Steered leg successfully determined, v4:SteeredLegStatusCode=1000, v4:Message=Success: Yield Validation successfully completed, v4:StatusCode=1000}}}}
11:22:33.380 [main] INFO  com.intuit.karate.StepDefs - [print] BALCC0303
